<?xml version="1.0" encoding="UTF-8"?>
<testng-results ignored="0" total="2" passed="2" failed="0" skipped="0">
  <reporter-output>
  </reporter-output>
  <suite started-at="2023-05-10T13:39:59 IST" name="Default suite" finished-at="2023-05-10T13:40:06 IST" duration-ms="6923">
    <groups>
    </groups>
    <test started-at="2023-05-10T13:39:59 IST" name="Default test" finished-at="2023-05-10T13:40:06 IST" duration-ms="6923">
      <class name="com.Auth2Authentication.AuthonticationAuth2">
        <test-method signature="GetAccessToken()[pri:0, instance:com.Auth2Authentication.AuthonticationAuth2@4d5b6aac]" started-at="2023-05-10T13:39:59 IST" name="GetAccessToken" finished-at="2023-05-10T13:40:05 IST" duration-ms="6008" status="PASS">
          <reporter-output>
          </reporter-output>
        </test-method> <!-- GetAccessToken -->
        <test-method signature="Listinvoice()[pri:0, instance:com.Auth2Authentication.AuthonticationAuth2@4d5b6aac]" started-at="2023-05-10T13:40:05 IST" name="Listinvoice" finished-at="2023-05-10T13:40:06 IST" depends-on-methods="com.Auth2Authentication.AuthonticationAuth2.GetAccessToken" duration-ms="812" status="PASS">
          <reporter-output>
          </reporter-output>
        </test-method> <!-- Listinvoice -->
      </class> <!-- com.Auth2Authentication.AuthonticationAuth2 -->
    </test> <!-- Default test -->
  </suite> <!-- Default suite -->
</testng-results>
